#
# There is insufficient memory for the Java Runtime Environment to continue.
# Native memory allocation (mmap) failed to map 8589934592 bytes. Error detail: committing reserved memory.
# Possible reasons:
#   The system is out of physical RAM or swap space
#   This process is running with CompressedOops enabled, and the Java Heap may be blocking the growth of the native heap
# Possible solutions:
#   Reduce memory load on the system
#   Increase physical memory or swap space
#   Check if swap backing store is full
#   Decrease Java heap size (-Xmx/-Xms)
#   Decrease number of Java threads
#   Decrease Java thread stack sizes (-Xss)
#   Set larger code cache with -XX:ReservedCodeCacheSize=
#   JVM is running with Zero Based Compressed Oops mode in which the Java heap is
#     placed in the first 32GB address space. The Java Heap base address is the
#     maximum limit for the native heap growth. Please use -XX:HeapBaseMinAddress
#     to set the Java Heap base and to place the Java Heap above 32GB virtual address.
# This output file may be truncated or incomplete.
#
#  Out of Memory Error (os_linux.cpp:2784), pid=36798, tid=36799
#
# JRE version:  (21.0.3+9) (build )
# Java VM: OpenJDK 64-Bit Server VM (21.0.3+9-LTS, mixed mode, sharing, tiered, compressed oops, compressed class ptrs, g1 gc, linux-amd64)
# Core dump will be written. Default location: Core dumps may be processed with "/usr/share/apport/apport -p%p -s%s -c%c -d%d -P%P -u%u -g%g -- %E" (or dumping to /workspaces/MSP-Test/servidor_minecraft/core.36798)
#

---------------  S U M M A R Y ------------

Command Line: -Xmx8192m -Xms8192m -XX:+UnlockExperimentalVMOptions -XX:+UnlockDiagnosticVMOptions -XX:+AlwaysPreTouch -XX:+DisableExplicitGC -XX:+UseNUMA -XX:NmethodSweepActivity=1 -XX:ReservedCodeCacheSize=400M -XX:NonNMethodCodeHeapSize=12M -XX:ProfiledCodeHeapSize=194M -XX:NonProfiledCodeHeapSize=194M -XX:-DontCompileHugeMethods -XX:MaxNodeLimit=240000 -XX:NodeLimitFudgeFactor=8000 -XX:+UseVectorCmov -XX:+PerfDisableSharedMem -XX:+UseFastUnorderedTimeStamps -XX:+UseCriticalJavaThreadPriority -XX:ThreadPriorityPolicy=1 -XX:AllocatePrefetchStyle=3 -XX:+UseG1GC -XX:MaxGCPauseMillis=130 -XX:+UnlockExperimentalVMOptions -XX:+DisableExplicitGC -XX:+AlwaysPreTouch -XX:G1NewSizePercent=28 -XX:G1HeapRegionSize=16M -XX:G1ReservePercent=20 -XX:G1MixedGCCountTarget=3 -XX:InitiatingHeapOccupancyPercent=10 -XX:G1MixedGCLiveThresholdPercent=90 -XX:G1RSetUpdatingPauseTimePercent=0 -XX:SurvivorRatio=32 -XX:MaxTenuringThreshold=1 -XX:G1SATBBufferEnqueueingThresholdPercent=30 -XX:G1ConcMarkStepDurationMillis=5 -XX:G1ConcRSHotCardLimit=16 -XX:G1ConcRefinementServiceIntervalMillis=150 -XX:+UseLargePages -XX:LargePageSizeInBytes=2m --module-path=libraries/cpw/mods/bootstraplauncher/1.1.2/bootstraplauncher-1.1.2.jar:libraries/cpw/mods/securejarhandler/2.1.10/securejarhandler-2.1.10.jar:libraries/org/ow2/asm/asm-commons/9.5/asm-commons-9.5.jar:libraries/org/ow2/asm/asm-util/9.5/asm-util-9.5.jar:libraries/org/ow2/asm/asm-analysis/9.5/asm-analysis-9.5.jar:libraries/org/ow2/asm/asm-tree/9.5/asm-tree-9.5.jar:libraries/org/ow2/asm/asm/9.5/asm-9.5.jar:libraries/net/minecraftforge/JarJarFileSystems/0.3.19/JarJarFileSystems-0.3.19.jar --add-modules=ALL-MODULE-PATH --add-opens=java.base/java.util.jar=cpw.mods.securejarhandler --add-opens=java.base/java.lang.invoke=cpw.mods.securejarhandler --add-exports=java.base/sun.security.util=cpw.mods.securejarhandler --add-exports=jdk.naming.dns/com.sun.jndi.dns=java.naming -Djava.net.preferIPv6Addresses=system -DignoreList=bootstraplauncher-1.1.2.jar,securejarhandler-2.1.10.jar,asm-commons-9.5.jar,asm-util-9.5.jar,asm-analysis-9.5.jar,asm-tree-9.5.jar,asm-9.5.jar,JarJarFileSystems-0.3.19.jar -DlibraryDirectory=libraries -DlegacyClassPath=libraries/cpw/mods/securejarhandler/2.1.10/securejarhandler-2.1.10.jar:libraries/org/ow2/asm/asm/9.5/asm-9.5.jar:libraries/org/ow2/asm/asm-commons/9.5/asm-commons-9.5.jar:libraries/org/ow2/asm/asm-tree/9.5/asm-tree-9.5.jar:libraries/org/ow2/asm/asm-util/9.5/asm-util-9.5.jar:libraries/org/ow2/asm/asm-analysis/9.5/asm-analysis-9.5.jar:libraries/net/minecraftforge/accesstransformers/8.0.4/accesstransformers-8.0.4.jar:libraries/org/antlr/antlr4-runtime/4.9.1/antlr4-runtime-4.9.1.jar:libraries/net/minecraftforge/eventbus/6.0.5/eventbus-6.0.5.jar:libraries/net/minecraftforge/forgespi/7.0.1/forgespi-7.0.1.jar:libraries/net/minecraftforge/coremods/5.0.1/coremods-5.0.1.jar:libraries/cpw/mods/modlauncher/10.0.9/modlauncher-10.0.9.jar:libraries/net/minecraftforge/unsafe/0.2.0/unsafe-0.2.0.jar:libraries/net/minecraftforge/mergetool/1.1.5/mergetool-1.1.5-api.jar:libraries/com/electronwill/night-config/core/3.6.4/core-3.6.4.jar:libraries/com/electronwill/night-config/toml/3.6.4/toml-3.6.4.jar:libraries/org/apache/maven/maven-artifact/3.8.5/maven-artifact-3.8.5.jar:libraries/net/jodah/typetools/0.6.3/typetools-0.6.3.jar:libraries/net/minecrell/terminalconsoleappender/1.2.0/terminalconsoleappender-1.2.0.jar:libraries/org/jline/jline-reader/3.12.1/jline-reader-3.12.1.jar:libraries/org/jline/jline-terminal/3.12.1/jline-terminal-3.12.1.jar:libraries/org/spongepowered/mixin/0.8.5/mixin-0.8.5.jar:libraries/org/openjdk/nashorn/nashorn-core/15.3/nashorn-core-15.3.jar:libraries/net/minecraftforge/JarJarSelector/0.3.19/JarJarSelector-0.3.19.jar:libraries/net/minecraftforge/JarJarMetadata/0.3.19/JarJarMetadata-0.3.19.jar:libraries/net/minecraftforge/fmlloader/1.20.1-47.2.18/fmlloader-1.20.1-47.2.18.jar:libraries/net/minecraft/server/1.20.1-20230612.114412/server-1.20.1-20230612.114412-extra.jar:libraries/com/github/oshi/oshi-core/6.2.2/oshi-core-6.2.2.jar:libraries/com/google/code/gson/gson/2.10/gson-2.10.jar:libraries/com/google/guava/failureaccess/1.0.1/failureaccess-1.0cpw.mods.bootstraplauncher.BootstrapLauncher --launchTarget forgeserver --fml.forgeVersion 47.2.18 --fml.mcVersion 1.20.1 --fml.forgeGroup net.minecraftforge --fml.mcpVersion 20230612.114412

Host: AMD EPYC 7763 64-Core Processor, 2 cores, 7G, Ubuntu 20.04.6 LTS
Time: Mon Jun 24 02:08:19 2024 UTC elapsed time: 0.010713 seconds (0d 0h 0m 0s)

---------------  T H R E A D  ---------------

Current thread (0x00007e417802f5c0):  JavaThread "Unknown thread" [_thread_in_vm, id=36799, stack(0x00007e417e628000,0x00007e417e729000) (1028K)]

Stack: [0x00007e417e628000,0x00007e417e729000],  sp=0x00007e417e7274b0,  free space=1021k
Native frames: (J=compiled Java code, j=interpreted, Vv=VM code, C=native code)
V  [libjvm.so+0x10092e8]  VMError::report_and_die(int, char const*, char const*, __va_list_tag*, Thread*, unsigned char*, void*, void*, char const*, int, unsigned long)+0x2b8  (os_linux.cpp:2784)
V  [libjvm.so+0x1009cdd]
V  [libjvm.so+0x6b97bf]
V  [libjvm.so+0xd031b4]  os::pd_commit_memory_or_exit(char*, unsigned long, unsigned long, bool, char const*)+0xd4
V  [libjvm.so+0xcfc65d]  os::commit_memory_or_exit(char*, unsigned long, unsigned long, bool, char const*)+0x1d
V  [libjvm.so+0x811feb]  G1PageBasedVirtualSpace::commit(unsigned long, unsigned long)+0xfb
V  [libjvm.so+0x82847f]  G1RegionsLargerThanCommitSizeMapper::commit_regions(unsigned int, unsigned long, WorkerThreads*)+0x9f
V  [libjvm.so+0x8b8075]  HeapRegionManager::commit_regions(unsigned int, unsigned long, WorkerThreads*)+0x55
V  [libjvm.so+0x8b9ce2]  HeapRegionManager::expand(unsigned int, unsigned int, WorkerThreads*)+0x32
V  [libjvm.so+0x8b9f0e]  HeapRegionManager::expand_by(unsigned int, WorkerThreads*)+0x7e
V  [libjvm.so+0x7cc6cf]  G1CollectedHeap::expand(unsigned long, WorkerThreads*, double*)+0xff
V  [libjvm.so+0x7ccce4]  G1CollectedHeap::initialize()+0x5c4
V  [libjvm.so+0xfaa526]  universe_init()+0xd6
V  [libjvm.so+0x8d8a07]  init_globals()+0x37
V  [libjvm.so+0xf891f5]  Threads::create_vm(JavaVMInitArgs*, bool*)+0x2b5
V  [libjvm.so+0x9b442f]  JNI_CreateJavaVM+0x4f
C  [libjli.so+0x42cb]  JavaMain+0x8b
C  [libjli.so+0x7e49]  ThreadJavaMain+0x9

---------------  P R O C E S S  ---------------

Threads class SMR info:
_java_thread_list=0x00007e417fdeb9e0, length=0, elements={
}

Java Threads: ( => current thread )
Total: 0

Other Threads:
  0x00007e417804e670 WorkerThread "GC Thread#0"                     [id=36800, stack(0x00007e414e7af000,0x00007e414e8af000) (1024K)]
  0x00007e4178053c40 ConcurrentGCThread "G1 Main Marker"            [id=36801, stack(0x00007e414e6ae000,0x00007e414e7ae000) (1024K)]
  0x00007e4178054bf0 WorkerThread "G1 Conc#0"                       [id=36802, stack(0x00007e414e5ad000,0x00007e414e6ad000) (1024K)]

[error occurred during error reporting (printing all threads), id 0xb, SIGSEGV (0xb) at pc=0x00007e417f067720]
VM state: not at safepoint (not fully initialized)

VM Mutex/Monitor currently owned by a thread:  ([mutex/lock_event])
[0x00007e417fdc5d40] Heap_lock - owner thread: 0x00007e417802f5c0

Heap address: 0x0000000600000000, size: 8192 MB, Compressed Oops mode: Zero based, Oop shift amount: 3

CDS archive(s) mapped at: [0x0000000000000000-0x0000000000000000-0x0000000000000000), size 0, SharedBaseAddress: 0x0000000800000000, ArchiveRelocationMode: 1.
Narrow klass base: 0x0000000000000000, Narrow klass shift: 0, Narrow klass range: 0x0

GC Precious Log:
 CardTable entry size: 512
 Card Set container configuration: InlinePtr #cards 3 size 8 Array Of Cards #cards 128 size 272 Howl #buckets 8 coarsen threshold 29491 Howl Bitmap #cards 4096 size 528 coarsen threshold 3686 Card regions per heap region 1 cards per card region 32768

Heap:
 garbage-first heap   total 0K, used 0K [0x0000000600000000, 0x0000000800000000)
  region size 16384K, 0 young (0K), 0 survivors (0K)

[error occurred during error reporting (printing heap information), id 0xb, SIGSEGV (0xb) at pc=0x00007e417f63065a]
GC Heap History (0 events):
No events

Dll operation events (1 events):
Event: 0.002 Loaded shared library /usr/local/sdkman/candidates/java/21.0.3-ms/lib/libjava.so

Deoptimization events (0 events):
No events

Classes loaded (0 events):
No events

Classes unloaded (0 events):
No events

Classes redefined (0 events):
No events

Internal exceptions (0 events):
No events

ZGC Phase Switch (0 events):
No events

VM Operations (0 events):
No events

Events (1 events):
Event: 0.002 Protecting memory [0x00007e417e628000,0x00007e417e62c000] with protection modes 0


Dynamic libraries:
5b2348282000-5b2348283000 r-xp 00000000 07:03 418686                     /usr/local/sdkman/candidates/java/21.0.3-ms/bin/java
5b2348284000-5b2348285000 r--p 00001000 07:03 418686                     /usr/local/sdkman/candidates/java/21.0.3-ms/bin/java
5b2348285000-5b2348286000 rw-p 00002000 07:03 418686                     /usr/local/sdkman/candidates/java/21.0.3-ms/bin/java
5b2348795000-5b23487dd000 rw-p 00000000 00:00 0                          [heap]
7e413fd21000-7e4140000000 rw-p 00000000 00:00 0 
7e4140000000-7e4140021000 rw-p 00000000 00:00 0 
7e4140021000-7e4144000000 ---p 00000000 00:00 0 
7e4144000000-7e4144021000 rw-p 00000000 00:00 0 
7e4144021000-7e4148000000 ---p 00000000 00:00 0 
7e4148000000-7e4148021000 rw-p 00000000 00:00 0 
7e4148021000-7e414c000000 ---p 00000000 00:00 0 
7e414c228000-7e414e5ac000 rw-p 00000000 00:00 0 
7e414e5ac000-7e414e5ad000 ---p 00000000 00:00 0 
7e414e5ad000-7e414e6ad000 rw-p 00000000 00:00 0 
7e414e6ad000-7e414e6ae000 ---p 00000000 00:00 0 
7e414e6ae000-7e414e7ae000 rw-p 00000000 00:00 0 
7e414e7ae000-7e414e7af000 ---p 00000000 00:00 0 
7e414e7af000-7e414e8af000 rw-p 00000000 00:00 0 
7e414e8af000-7e41568af000 ---p 00000000 00:00 0 
7e41568af000-7e4156b1f000 rwxp 00000000 00:00 0 
7e4156b1f000-7e4162aaf000 ---p 00000000 00:00 0 
7e4162aaf000-7e4162d1f000 rwxp 00000000 00:00 0 
7e4162d1f000-7e41636af000 ---p 00000000 00:00 0 
7e41636af000-7e416391f000 rwxp 00000000 00:00 0 
7e416391f000-7e416f8af000 ---p 00000000 00:00 0 
7e416f8af000-7e4178000000 r--s 00000000 07:03 419172                     /usr/local/sdkman/candidates/java/21.0.3-ms/lib/modules
7e4178000000-7e417806a000 rw-p 00000000 00:00 0 
7e417806a000-7e417c000000 ---p 00000000 00:00 0 
7e417c042000-7e417c075000 rw-p 00000000 00:00 0 
7e417c075000-7e417e075000 ---p 00000000 00:00 0 
7e417e075000-7e417e2bd000 rw-p 00000000 00:00 0 
7e417e2bd000-7e417e43c000 ---p 00000000 00:00 0 
7e417e43c000-7e417e441000 rw-p 00000000 00:00 0 
7e417e441000-7e417e5c0000 ---p 00000000 00:00 0 
7e417e5c0000-7e417e5c5000 rw-p 00000000 00:00 0 
7e417e5c5000-7e417e5d8000 ---p 00000000 00:00 0 
7e417e5d8000-7e417e5f8000 r-xp 00000000 07:03 419147                     /usr/local/sdkman/candidates/java/21.0.3-ms/lib/libjava.so
7e417e5f8000-7e417e5f9000 ---p 00020000 07:03 419147                     /usr/local/sdkman/candidates/java/21.0.3-ms/lib/libjava.so
7e417e5f9000-7e417e5fa000 r--p 00020000 07:03 419147                     /usr/local/sdkman/candidates/java/21.0.3-ms/lib/libjava.so
7e417e5fa000-7e417e5fb000 rw-p 00021000 07:03 419147                     /usr/local/sdkman/candidates/java/21.0.3-ms/lib/libjava.so
7e417e5fb000-7e417e5fc000 rw-p 00000000 00:00 0 
7e417e5fc000-7e417e5ff000 r--p 00000000 07:03 12769                      /usr/lib/x86_64-linux-gnu/libnuma.so.1.0.0
7e417e5ff000-7e417e604000 r-xp 00003000 07:03 12769                      /usr/lib/x86_64-linux-gnu/libnuma.so.1.0.0
7e417e604000-7e417e606000 r--p 00008000 07:03 12769                      /usr/lib/x86_64-linux-gnu/libnuma.so.1.0.0
7e417e606000-7e417e607000 ---p 0000a000 07:03 12769                      /usr/lib/x86_64-linux-gnu/libnuma.so.1.0.0
7e417e607000-7e417e608000 r--p 0000a000 07:03 12769                      /usr/lib/x86_64-linux-gnu/libnuma.so.1.0.0
7e417e608000-7e417e609000 rw-p 0000b000 07:03 12769                      /usr/lib/x86_64-linux-gnu/libnuma.so.1.0.0
7e417e609000-7e417e624000 r-xp 00000000 07:03 419151                     /usr/local/sdkman/candidates/java/21.0.3-ms/lib/libjimage.so
7e417e624000-7e417e625000 ---p 0001b000 07:03 419151                     /usr/local/sdkman/candidates/java/21.0.3-ms/lib/libjimage.so
7e417e625000-7e417e627000 r--p 0001b000 07:03 419151                     /usr/local/sdkman/candidates/java/21.0.3-ms/lib/libjimage.so
7e417e627000-7e417e628000 rw-p 0001d000 07:03 419151                     /usr/local/sdkman/candidates/java/21.0.3-ms/lib/libjimage.so
7e417e628000-7e417e62c000 ---p 00000000 00:00 0 
7e417e62c000-7e417e729000 rw-p 00000000 00:00 0 
7e417e729000-7e417e736000 r--p 00000000 07:03 3625                       /usr/lib/x86_64-linux-gnu/libm-2.31.so
7e417e736000-7e417e7dd000 r-xp 0000d000 07:03 3625                       /usr/lib/x86_64-linux-gnu/libm-2.31.so
7e417e7dd000-7e417e876000 r--p 000b4000 07:03 3625                       /usr/lib/x86_64-linux-gnu/libm-2.31.so
7e417e876000-7e417e877000 r--p 0014c000 07:03 3625                       /usr/lib/x86_64-linux-gnu/libm-2.31.so
7e417e877000-7e417e878000 rw-p 0014d000 07:03 3625                       /usr/lib/x86_64-linux-gnu/libm-2.31.so
7e417e878000-7e417e87a000 r--p 00000000 07:03 3649                       /usr/lib/x86_64-linux-gnu/librt-2.31.so
7e417e87a000-7e417e87e000 r-xp 00002000 07:03 3649                       /usr/lib/x86_64-linux-gnu/librt-2.31.so
7e417e87e000-7e417e880000 r--p 00006000 07:03 3649                       /usr/lib/x86_64-linux-gnu/librt-2.31.so
7e417e880000-7e417e881000 r--p 00007000 07:03 3649                       /usr/lib/x86_64-linux-gnu/librt-2.31.so
7e417e881000-7e417e882000 rw-p 00008000 07:03 3649                       /usr/lib/x86_64-linux-gnu/librt-2.31.so
7e417e882000-7e417fc93000 r-xp 00000000 07:03 419184                     /usr/local/sdkman/candidates/java/21.0.3-ms/lib/server/libjvm.so
7e417fc93000-7e417fd64000 r--p 01410000 07:03 419184                     /usr/local/sdkman/candidates/java/21.0.3-ms/lib/server/libjvm.so
7e417fd64000-7e417fd94000 rw-p 014e1000 07:03 419184                     /usr/local/sdkman/candidates/java/21.0.3-ms/lib/server/libjvm.so
7e417fd94000-7e417fdfc000 rw-p 00000000 00:00 0 
7e417fdfc000-7e417fe1e000 r--p 00000000 07:03 3621                       /usr/lib/x86_64-linux-gnu/libc-2.31.so
7e417fe1e000-7e417ff96000 r-xp 00022000 07:03 3621                       /usr/lib/x86_64-linux-gnu/libc-2.31.so
7e417ff96000-7e417ffe4000 r--p 0019a000 07:03 3621                       /usr/lib/x86_64-linux-gnu/libc-2.31.so
7e417ffe4000-7e417ffe8000 r--p 001e7000 07:03 3621                       /usr/lib/x86_64-linux-gnu/libc-2.31.so
7e417ffe8000-7e417ffea000 rw-p 001eb000 07:03 3621                       /usr/lib/x86_64-linux-gnu/libc-2.31.so
7e417ffea000-7e417ffee000 rw-p 00000000 00:00 0 
7e417ffee000-7e417ffef000 r--p 00000000 07:03 3623                       /usr/lib/x86_64-linux-gnu/libdl-2.31.so
7e417ffef000-7e417fff1000 r-xp 00001000 07:03 3623                       /usr/lib/x86_64-linux-gnu/libdl-2.31.so
7e417fff1000-7e417fff2000 r--p 00003000 07:03 3623                       /usr/lib/x86_64-linux-gnu/libdl-2.31.so
7e417fff2000-7e417fff3000 r--p 00003000 07:03 3623                       /usr/lib/x86_64-linux-gnu/libdl-2.31.so
7e417fff3000-7e417fff4000 rw-p 00004000 07:03 3623                       /usr/lib/x86_64-linux-gnu/libdl-2.31.so
7e417fff4000-7e417fffa000 r--p 00000000 07:03 3645                       /usr/lib/x86_64-linux-gnu/libpthread-2.31.so
7e417fffa000-7e418000b000 r-xp 00006000 07:03 3645                       /usr/lib/x86_64-linux-gnu/libpthread-2.31.so
7e418000b000-7e4180011000 r--p 00017000 07:03 3645                       /usr/lib/x86_64-linux-gnu/libpthread-2.31.so
7e4180011000-7e4180012000 r--p 0001c000 07:03 3645                       /usr/lib/x86_64-linux-gnu/libpthread-2.31.so
7e4180012000-7e4180013000 rw-p 0001d000 07:03 3645                       /usr/lib/x86_64-linux-gnu/libpthread-2.31.so
7e4180013000-7e418001f000 rw-p 00000000 00:00 0 
7e418001f000-7e4180020000 ---p 00000000 00:00 0 
7e4180020000-7e4180021000 r--p 00000000 00:00 0 
7e4180021000-7e418002f000 r-xp 00000000 07:03 419152                     /usr/local/sdkman/candidates/java/21.0.3-ms/lib/libjli.so
7e418002f000-7e4180030000 ---p 0000e000 07:03 419152                     /usr/local/sdkman/candidates/java/21.0.3-ms/lib/libjli.so
7e4180030000-7e4180031000 r--p 0000e000 07:03 419152                     /usr/local/sdkman/candidates/java/21.0.3-ms/lib/libjli.so
7e4180031000-7e4180032000 rw-p 0000f000 07:03 419152                     /usr/local/sdkman/candidates/java/21.0.3-ms/lib/libjli.so
7e4180032000-7e4180034000 r--p 00000000 08:01 1310816                    /tmp/_MEIwO0AfH/libz.so.1
7e4180034000-7e4180045000 r-xp 00002000 08:01 1310816                    /tmp/_MEIwO0AfH/libz.so.1
7e4180045000-7e418004b000 r--p 00013000 08:01 1310816                    /tmp/_MEIwO0AfH/libz.so.1
7e418004b000-7e418004c000 ---p 00019000 08:01 1310816                    /tmp/_MEIwO0AfH/libz.so.1
7e418004c000-7e418004d000 r--p 00019000 08:01 1310816                    /tmp/_MEIwO0AfH/libz.so.1
7e418004d000-7e418004e000 rw-p 0001a000 08:01 1310816                    /tmp/_MEIwO0AfH/libz.so.1
7e418004e000-7e4180050000 rw-p 00000000 00:00 0 
7e4180050000-7e4180051000 r--p 00000000 07:03 3614                       /usr/lib/x86_64-linux-gnu/ld-2.31.so
7e4180051000-7e4180074000 r-xp 00001000 07:03 3614                       /usr/lib/x86_64-linux-gnu/ld-2.31.so
7e4180074000-7e418007c000 r--p 00024000 07:03 3614                       /usr/lib/x86_64-linux-gnu/ld-2.31.so
7e418007c000-7e418007d000 ---p 00000000 00:00 0 
7e418007d000-7e418007e000 r--p 0002c000 07:03 3614                       /usr/lib/x86_64-linux-gnu/ld-2.31.so
7e418007e000-7e418007f000 rw-p 0002d000 07:03 3614                       /usr/lib/x86_64-linux-gnu/ld-2.31.so
7e418007f000-7e4180080000 rw-p 00000000 00:00 0 
7fff67fe0000-7fff68002000 rw-p 00000000 00:00 0                          [stack]
7fff6806d000-7fff68071000 r--p 00000000 00:00 0                          [vvar]
7fff68071000-7fff68073000 r-xp 00000000 00:00 0                          [vdso]
ffffffffff600000-ffffffffff601000 --xp 00000000 00:00 0                  [vsyscall]
Total number of mappings: 108


VM Arguments:
jvm_args: -Xmx8192m -Xms8192m -XX:+UnlockExperimentalVMOptions -XX:+UnlockDiagnosticVMOptions -XX:+AlwaysPreTouch -XX:+DisableExplicitGC -XX:+UseNUMA -XX:NmethodSweepActivity=1 -XX:ReservedCodeCacheSize=400M -XX:NonNMethodCodeHeapSize=12M -XX:ProfiledCodeHeapSize=194M -XX:NonProfiledCodeHeapSize=194M -XX:-DontCompileHugeMethods -XX:MaxNodeLimit=240000 -XX:NodeLimitFudgeFactor=8000 -XX:+UseVectorCmov -XX:+PerfDisableSharedMem -XX:+UseFastUnorderedTimeStamps -XX:+UseCriticalJavaThreadPriority -XX:ThreadPriorityPolicy=1 -XX:AllocatePrefetchStyle=3 -XX:+UseG1GC -XX:MaxGCPauseMillis=130 -XX:+UnlockExperimentalVMOptions -XX:+DisableExplicitGC -XX:+AlwaysPreTouch -XX:G1NewSizePercent=28 -XX:G1HeapRegionSize=16M -XX:G1ReservePercent=20 -XX:G1MixedGCCountTarget=3 -XX:InitiatingHeapOccupancyPercent=10 -XX:G1MixedGCLiveThresholdPercent=90 -XX:G1RSetUpdatingPauseTimePercent=0 -XX:SurvivorRatio=32 -XX:MaxTenuringThreshold=1 -XX:G1SATBBufferEnqueueingThresholdPercent=30 -XX:G1ConcMarkStepDurationMillis=5 -XX:G1ConcRSHotCardLimit=16 -XX:G1ConcRefinementServiceIntervalMillis=150 -XX:+UseLargePages -XX:LargePageSizeInBytes=2m --module-path=libraries/cpw/mods/bootstraplauncher/1.1.2/bootstraplauncher-1.1.2.jar:libraries/cpw/mods/securejarhandler/2.1.10/securejarhandler-2.1.10.jar:libraries/org/ow2/asm/asm-commons/9.5/asm-commons-9.5.jar:libraries/org/ow2/asm/asm-util/9.5/asm-util-9.5.jar:libraries/org/ow2/asm/asm-analysis/9.5/asm-analysis-9.5.jar:libraries/org/ow2/asm/asm-tree/9.5/asm-tree-9.5.jar:libraries/org/ow2/asm/asm/9.5/asm-9.5.jar:libraries/net/minecraftforge/JarJarFileSystems/0.3.19/JarJarFileSystems-0.3.19.jar --add-modules=ALL-MODULE-PATH --add-opens=java.base/java.util.jar=cpw.mods.securejarhandler --add-opens=java.base/java.lang.invoke=cpw.mods.securejarhandler --add-exports=java.base/sun.security.util=cpw.mods.securejarhandler --add-exports=jdk.naming.dns/com.sun.jndi.dns=java.naming -Djava.net.preferIPv6Addresses=system -DignoreList=bootstraplauncher-1.1.2.jar,securejarhandler-2.1.10.jar,asm-commons-9.5.jar,asm-util-9.5.jar,asm-analysis-9.5.jar,asm-tree-9.5.jar,asm-9.5.jar,JarJarFileSystems-0.3.19.jar -DlibraryDirectory=libraries -DlegacyClassPath=libraries/cpw/mods/securejarhandler/2.1.10/securejarhandler-2.1.10.jar:libraries/org/ow2/asm/asm/9.5/asm-9.5.jar:libraries/org/ow2/asm/asm-commons/9.5/asm-commons-9.5.jar:libraries/org/ow2/asm/asm-tree/9.5/asm-tree-9.5.jar:libraries/org/ow2/asm/asm-util/9.5/asm-util-9.5.jar:libraries/org/ow2/asm/asm-analysis/9.5/asm-analysis-9.5.jar:libraries/net/minecraftforge/accesstransformers/8.0.4/accesstransformers-8.0.4.jar:libraries/org/antlr/antlr4-runtime/4.9.1/antlr4-runtime-4.9.1.jar:libraries/net/minecraftforge/eventbus/6.0.5/eventbus-6.0.5.jar:libraries/net/minecraftforge/forgespi/7.0.1/forgespi-7.0.1.jar:libraries/net/minecraftforge/coremods/5.0.1/coremods-5.0.1.jar:libraries/cpw/mods/modlauncher/10.0.9/modlauncher-10.0.9.jar:libraries/net/minecraftforge/unsafe/0.2.0/unsafe-0.2.0.jar:libraries/net/minecraftforge/mergetool/1.1.5/mergetool-1.1.5-api.jar:libraries/com/electronwill/night-config/core/3.6.4/core-3.6.4.jar:libraries/com/electronwill/night-config/toml/3.6.4/toml-3.6.4.jar:libraries/org/apache/maven/maven-artifact/3.8.5/maven-artifact-3.8.5.jar:libraries/net/jodah/typetools/0.6.3/typetools-0.6.3.jar:libraries/net/minecrell/terminalconsoleappender/1.2.0/terminalconsoleappender-1.2.0.jar:libraries/org/jline/jline-reader/3.12.1/jline-reader-3.12.1.jar:libraries/org/jline/jline-terminal/3.12.1/jline-terminal-3.12.1.jar:libraries/org/spongepowered/mixin/0.8.5/mixin-0.8.5.jar:libraries/org/openjdk/nashorn/nashorn-core/15.3/nashorn-core-15.3.jar:libraries/net/minecraftforge/JarJarSelector/0.3.19/JarJarSelector-0.3.19.jar:libraries/net/minecraftforge/JarJarMetadata/0.3.19/JarJarMetadata-0.3.19.jar:libraries/net/minecraftforge/fmlloader/1.20.1-47.2.18/fmlloader-1.20.1-47.2.18.jar:libraries/net/minecraft/server/1.20.1-20230612.114412/server-1.20.1-20230612.114412-extra.jar:libraries/com/github/oshi/oshi-core/6.2.2/oshi-core-6.2.2.jar:libraries/com/google/code/gson/gson/2.10/gson-2.10.jar:libraries/com/google/guava/failureaccess/1.0.1/failureaccess-1.0
java_command: cpw.mods.bootstraplauncher.BootstrapLauncher --launchTarget forgeserver --fml.forgeVersion 47.2.18 --fml.mcVersion 1.20.1 --fml.forgeGroup net.minecraftforge --fml.mcpVersion 20230612.114412
java_class_path (initial): .
Launcher Type: SUN_STANDARD

[Global flags]
     intx AllocatePrefetchStyle                    = 3                                         {product} {command line}
     bool AlwaysPreTouch                           = true                                      {product} {command line}
     bool AlwaysTenure                             = false                                     {product} {command line}
     intx CICompilerCount                          = 2                                         {product} {ergonomic}
     uint ConcGCThreads                            = 1                                         {product} {ergonomic}
     bool DisableExplicitGC                        = true                                      {product} {command line}
     bool DontCompileHugeMethods                   = false                                     {product} {command line}
   double G1ConcMarkStepDurationMillis             = 5.000000                                  {product} {command line}
     uint G1ConcRefinementThreads                  = 2                                         {product} {ergonomic}
     uint G1EagerReclaimRemSetThreshold            = 128                                  {experimental} {ergonomic}
   size_t G1HeapRegionSize                         = 16777216                                  {product} {command line}
    uintx G1MixedGCCountTarget                     = 3                                         {product} {command line}
    uintx G1MixedGCLiveThresholdPercent            = 90                                   {experimental} {command line}
    uintx G1NewSizePercent                         = 28                                   {experimental} {command line}
     intx G1RSetUpdatingPauseTimePercent           = 0                                         {product} {command line}
     uint G1RemSetArrayOfCardsEntries              = 128                                  {experimental} {ergonomic}
     uint G1RemSetHowlMaxNumBuckets                = 8                                    {experimental} {ergonomic}
     uint G1RemSetHowlNumBuckets                   = 8                                    {experimental} {ergonomic}
    uintx G1ReservePercent                         = 20                                        {product} {command line}
    uintx G1SATBBufferEnqueueingThresholdPercent   = 30                                        {product} {command line}
    uintx GCDrainStackTargetSize                   = 64                                        {product} {ergonomic}
   size_t InitialHeapSize                          = 8589934592                                {product} {command line}
    uintx InitialTenuringThreshold                 = 1                                         {product} {ergonomic}
    uintx InitiatingHeapOccupancyPercent           = 10                                        {product} {command line}
   size_t LargePageSizeInBytes                     = 2097152                                   {product} {command line}
   size_t MarkStackSize                            = 4194304                                   {product} {ergonomic}
    uintx MaxGCPauseMillis                         = 130                                       {product} {command line}
   size_t MaxHeapSize                              = 8589934592                                {product} {command line}
     intx MaxNodeLimit                             = 240000                                 {C2 product} {command line}
    uintx MaxTenuringThreshold                     = 1                                         {product} {command line}
   size_t MinHeapDeltaBytes                        = 16777216                                  {product} {ergonomic}
   size_t MinHeapSize                              = 8589934592                                {product} {command line}
     bool NeverTenure                              = false                                     {product} {command line}
     intx NmethodSweepActivity                     = 1                                         {product} {command line}
     intx NodeLimitFudgeFactor                     = 8000                                   {C2 product} {command line}
    uintx NonNMethodCodeHeapSize                   = 12582912                               {pd product} {command line, ergonomic}
    uintx NonProfiledCodeHeapSize                  = 203423744                              {pd product} {command line, ergonomic}
     bool PerfDisableSharedMem                     = true                                      {product} {command line}
    uintx ProfiledCodeHeapSize                     = 203423744                              {pd product} {command line, ergonomic}
    uintx ReservedCodeCacheSize                    = 419430400                              {pd product} {command line}
     bool SegmentedCodeCache                       = true                                      {product} {ergonomic}
   size_t SoftMaxHeapSize                          = 8589934592                             {manageable} {ergonomic}
    uintx SurvivorRatio                            = 32                                        {product} {command line}
      int ThreadPriorityPolicy                     = 1                                         {product} {command line}
     bool UnlockDiagnosticVMOptions                = true                                   {diagnostic} {command line}
     bool UnlockExperimentalVMOptions              = true                                 {experimental} {command line}
     bool UseCompressedOops                        = true                           {product lp64_product} {ergonomic}
     bool UseCriticalJavaThreadPriority            = true                                 {experimental} {command line}
     bool UseFastUnorderedTimeStamps               = true                                 {experimental} {command line}
     bool UseG1GC                                  = true                                      {product} {command line}
     bool UseLargePages                            = false                                  {pd product} {command line}
     bool UseNUMA                                  = false                                     {product} {command line}
     bool UseVectorCmov                            = true                                   {C2 product} {command line}

Logging:
Log output configuration:
 #0: stdout all=warning uptime,level,tags foldmultilines=false
 #1: stderr all=off uptime,level,tags foldmultilines=false

Environment Variables:
JAVA_HOME=/usr/local/sdkman/candidates/java/current
PATH=/usr/local/rvm/gems/ruby-3.2.4/bin:/usr/local/rvm/gems/ruby-3.2.4@global/bin:/usr/local/rvm/rubies/ruby-3.2.4/bin:/vscode/bin/linux-x64/5437499feb04f7a586f677b155b039bc2b3669eb/bin/remote-cli:/home/codespace/.local/bin:/home/codespace/.dotnet:/home/codespace/nvm/current/bin:/home/codespace/.php/current/bin:/home/codespace/.python/current/bin:/home/codespace/java/current/bin:/home/codespace/.ruby/current/bin:/home/codespace/.local/bin:/usr/local/python/current/bin:/usr/local/py-utils/bin:/usr/local/oryx:/usr/local/go/bin:/go/bin:/usr/local/sdkman/bin:/usr/local/sdkman/candidates/java/current/bin:/usr/local/sdkman/candidates/gradle/current/bin:/usr/local/sdkman/candidates/maven/current/bin:/usr/local/sdkman/candidates/ant/current/bin:/usr/local/rvm/gems/default/bin:/usr/local/rvm/gems/default@global/bin:/usr/local/rvm/rubies/default/bin:/usr/local/share/rbenv/bin:/usr/local/php/current/bin:/opt/conda/bin:/usr/local/nvs:/usr/local/share/nvm/versions/node/v20.14.0/bin:/usr/local/hugo/bin:/usr/local/sbin:/usr/local/bin:/usr/sbin:/usr/bin:/sbin:/bin:/usr/share/dotnet:/home/codespace/.dotnet/tools:/usr/local/rvm/bin
LD_LIBRARY_PATH=/tmp/_MEIwO0AfH
SHELL=/bin/bash
LANG=C.UTF-8
TERM=xterm-256color

Active Locale:
LC_ALL=C
LC_COLLATE=C
LC_CTYPE=C
LC_MESSAGES=C
LC_MONETARY=C
LC_NUMERIC=C
LC_TIME=C

Signal Handlers:
   SIGSEGV: crash_handler in libjvm.so, mask=11100100010111111101111111111110, flags=SA_RESTART|SA_SIGINFO, unblocked
    SIGBUS: crash_handler in libjvm.so, mask=11100100010111111101111111111110, flags=SA_RESTART|SA_SIGINFO, unblocked
    SIGFPE: crash_handler in libjvm.so, mask=11100100010111111101111111111110, flags=SA_RESTART|SA_SIGINFO, unblocked
   SIGPIPE: javaSignalHandler in libjvm.so, mask=11100100010111111101111111111110, flags=SA_RESTART|SA_SIGINFO, blocked
   SIGXFSZ: javaSignalHandler in libjvm.so, mask=11100100010111111101111111111110, flags=SA_RESTART|SA_SIGINFO, blocked
    SIGILL: crash_handler in libjvm.so, mask=11100100010111111101111111111110, flags=SA_RESTART|SA_SIGINFO, unblocked
   SIGUSR2: SR_handler in libjvm.so, mask=00000000000000000000000000000000, flags=SA_RESTART|SA_SIGINFO, blocked
    SIGHUP: SIG_DFL, mask=00000000000000000000000000000000, flags=none, blocked
    SIGINT: SIG_DFL, mask=00000000000000000000000000000000, flags=none, blocked
   SIGTERM: SIG_DFL, mask=00000000000000000000000000000000, flags=none, blocked
   SIGQUIT: UserHandler in libjvm.so, mask=11100100010111111101111111111110, flags=SA_RESTART|SA_SIGINFO, blocked
   SIGTRAP: crash_handler in libjvm.so, mask=11100100010111111101111111111110, flags=SA_RESTART|SA_SIGINFO, unblocked


Periodic native trim disabled

---------------  S Y S T E M  ---------------

OS:
DISTRIB_ID=Ubuntu
DISTRIB_RELEASE=20.04
DISTRIB_CODENAME=focal
DISTRIB_DESCRIPTION="Ubuntu 20.04.6 LTS"
uname: Linux 6.5.0-1021-azure #22~22.04.1-Ubuntu SMP Tue Apr 30 16:08:18 UTC 2024 x86_64
OS uptime: 0 days 0:57 hours
libc: glibc 2.31 NPTL 2.31 
rlimit (soft/hard): STACK 8192k/infinity , CORE infinity/infinity , NPROC infinity/infinity , NOFILE 1048576/1048576 , AS infinity/infinity , CPU infinity/infinity , DATA infinity/infinity , FSIZE infinity/infinity , MEMLOCK 8192k/8192k
load average: 0.25 0.57 0.69

/proc/meminfo:
MemTotal:        8119868 kB
MemFree:          158688 kB
MemAvailable:    4076632 kB
Buffers:          147752 kB
Cached:          3852080 kB
SwapCached:            0 kB
Active:          4488736 kB
Inactive:        2908016 kB
Active(anon):    3309492 kB
Inactive(anon):   165868 kB
Active(file):    1179244 kB
Inactive(file):  2742148 kB
Unevictable:       27824 kB
Mlocked:           27824 kB
SwapTotal:             0 kB
SwapFree:              0 kB
Zswap:                 0 kB
Zswapped:              0 kB
Dirty:               516 kB
Writeback:             0 kB
AnonPages:       3383020 kB
Mapped:           559712 kB
Shmem:             69308 kB
KReclaimable:     310116 kB
Slab:             401916 kB
SReclaimable:     310116 kB
SUnreclaim:        91800 kB
KernelStack:        6368 kB
PageTables:        27160 kB
SecPageTables:         0 kB
NFS_Unstable:          0 kB
Bounce:                0 kB
WritebackTmp:          0 kB
CommitLimit:     4059932 kB
Committed_AS:    5017656 kB
VmallocTotal:   34359738367 kB
VmallocUsed:       40536 kB
VmallocChunk:          0 kB
Percpu:             1096 kB
HardwareCorrupted:     0 kB
AnonHugePages:   1609728 kB
ShmemHugePages:        0 kB
ShmemPmdMapped:        0 kB
FileHugePages:         0 kB
FilePmdMapped:         0 kB
Unaccepted:            0 kB
HugePages_Total:       0
HugePages_Free:        0
HugePages_Rsvd:        0
HugePages_Surp:        0
Hugepagesize:       2048 kB
Hugetlb:               0 kB
DirectMap4k:      102336 kB
DirectMap2M:     3043328 kB
DirectMap1G:     7340032 kB

/sys/kernel/mm/transparent_hugepage/enabled: [always] madvise never
/sys/kernel/mm/transparent_hugepage/hpage_pmd_size: 2097152
/sys/kernel/mm/transparent_hugepage/defrag (defrag/compaction efforts parameter): always defer defer+madvise [madvise] never

Process Memory:
Virtual Size: 1050016K (peak: 9434140K)
Resident Set Size: 27712K (peak: 27712K) (anon: 14272K, file: 13440K, shmem: 0K)
Swapped out: 0K
C-Heap outstanding allocations: 9515K, retained: 600K
glibc malloc tunables: (default)

/proc/sys/kernel/threads-max (system-wide limit on the number of threads): 63387
/proc/sys/vm/max_map_count (maximum number of memory map areas a process may have): 65530
/proc/sys/kernel/pid_max (system-wide limit on number of process identifiers): 4194304

container (cgroup) information:
container_type: cgroupv2
cpu_cpuset_cpus: not supported
cpu_memory_nodes: not supported
active_processor_count: 2
cpu_quota: no quota
cpu_period: 100000
cpu_shares: no shares
memory_limit_in_bytes: unlimited
memory_and_swap_limit_in_bytes: unlimited
memory_soft_limit_in_bytes: unlimited
memory_usage_in_bytes: 3261012 k
memory_max_usage_in_bytes: not supported
memory_swap_current_in_bytes: unlimited
memory_swap_max_limit_in_bytes: unlimited
maximum number of tasks: unlimited
current number of tasks: 127

Hyper-V virtualization detected
Steal ticks since vm start: 0
Steal ticks percentage since vm start:  0.000

CPU: total 2 (initial active 2) (16 cores per cpu, 2 threads per core) family 25 model 1 stepping 1 microcode 0xffffffff, cx8, cmov, fxsr, ht, mmx, 3dnowpref, sse, sse2, sse3, ssse3, sse4a, sse4.1, sse4.2, popcnt, lzcnt, tsc, tscinvbit, avx, avx2, aes, erms, clmul, bmi1, bmi2, adx, sha, fma, vzeroupper, clflush, clflushopt, hv, rdtscp, rdpid, fsrm, f16c, cet_ss
CPU Model and flags from /proc/cpuinfo:
model name	: AMD EPYC 7763 64-Core Processor
flags		: fpu vme de pse tsc msr pae mce cx8 apic sep mtrr pge mca cmov pat pse36 clflush mmx fxsr sse sse2 ht syscall nx mmxext fxsr_opt pdpe1gb rdtscp lm constant_tsc rep_good nopl tsc_reliable nonstop_tsc cpuid extd_apicid aperfmperf pni pclmulqdq ssse3 fma cx16 pcid sse4_1 sse4_2 movbe popcnt aes xsave avx f16c rdrand hypervisor lahf_lm cmp_legacy svm cr8_legacy abm sse4a misalignsse 3dnowprefetch osvw topoext invpcid_single vmmcall fsgsbase bmi1 avx2 smep bmi2 erms invpcid rdseed adx smap clflushopt clwb sha_ni xsaveopt xsavec xgetbv1 xsaves clzero xsaveerptr rdpru arat npt nrip_save tsc_scale vmcb_clean flushbyasid decodeassists pausefilter pfthreshold v_vmsave_vmload umip vaes vpclmulqdq rdpid fsrm

Online cpus: 0-1
Offline cpus: 
BIOS frequency limitation: <Not Available>
Frequency switch latency (ns): <Not Available>
Available cpu frequencies: <Not Available>
Current governor: <Not Available>
Core performance/turbo boost: <Not Available>

Memory: 4k page, physical 8119868k(4076632k free), swap 0k(0k free)
Page Sizes: 4k, 2M

vm_info: OpenJDK 64-Bit Server VM (21.0.3+9-LTS) for linux-amd64 JRE (21.0.3+9-LTS), built on 2024-04-10T01:29:19Z by "MicrosoftCorporation" with gcc 11.3.0

END.
